2020-06-17 12:12:26,967 INFO  [log] 1
2020-06-17 12:12:27,099 INFO  [log] C:/Users/ManojKumarJallaram/Desktop/Project/my-aaprest/login.xls
2020-06-17 12:12:27,314 INFO  [log] username
2020-06-17 12:12:27,322 INFO  [log] The total number of rows  are2
2020-06-17 12:12:27,323 INFO  [log] The total number of columns  are2
2020-06-17 12:12:27,323 INFO  [log] upskills_admin
2020-06-17 12:12:27,324 INFO  [log] Talent4$$
2020-06-17 12:12:27,785 INFO  [log] 1
2020-06-17 12:12:28,310 INFO  [log] 1
2020-06-17 12:12:28,724 INFO  [log] 1
2020-06-17 12:12:28,735 INFO  [log] C:/Users/ManojKumarJallaram/Desktop/Project/my-aaprest/login.xls
2020-06-17 12:12:28,896 INFO  [log] username
2020-06-17 12:12:28,896 INFO  [log] The total number of rows  are2
2020-06-17 12:12:28,904 INFO  [log] The total number of columns  are2
2020-06-17 12:12:28,906 INFO  [log] upskills_admin
2020-06-17 12:12:28,910 INFO  [log] Talent4$$
2020-06-17 12:12:29,251 INFO  [log] 1
2020-06-17 12:12:29,646 INFO  [log] 1
2020-06-17 12:12:29,677 INFO  [log] 1004
2020-06-17 12:12:30,057 INFO  [log] 1
2020-06-17 12:12:30,082 INFO  [log] 1005
2020-06-17 12:12:30,496 INFO  [log] C:/Users/ManojKumarJallaram/Desktop/Project/my-aaprest/login.xls
2020-06-17 12:12:30,644 INFO  [log] The total number of rows  are5
2020-06-17 12:12:33,329 INFO  [log] C:/Users/ManojKumarJallaram/Desktop/Project/my-aaprest/login.xls
2020-06-17 12:12:33,483 INFO  [log] Firstname
2020-06-17 12:12:33,483 INFO  [log] The total number of rows  are5
2020-06-17 12:12:33,486 INFO  [log] The total number of columns  are6
2020-06-17 12:12:33,861 INFO  [log] 1
2020-06-17 12:12:33,892 INFO  [log] 854
2020-06-17 12:12:33,921 INFO  [log] C:/Users/ManojKumarJallaram/Desktop/Project/my-aaprest/login.xls
2020-06-17 12:12:34,065 INFO  [log] city
2020-06-17 12:12:34,065 INFO  [log] The total number of rows  are3
2020-06-17 12:12:34,068 INFO  [log] The total number of columns  are11
